Analysis & Synthesis report for controle
Fri Jun 15 15:56:02 2018
Quartus Prime Version 17.0.0 Build 595 04/25/2017 SJ Lite Edition


---------------------
; Table of Contents ;
---------------------
  1. Legal Notice
  2. Analysis & Synthesis Summary
  3. Analysis & Synthesis Settings
  4. Parallel Compilation
  5. Analysis & Synthesis Source Files Read
  6. Analysis & Synthesis Resource Usage Summary
  7. Analysis & Synthesis Resource Utilization by Entity
  8. User-Specified and Inferred Latches
  9. General Register Statistics
 10. Post-Synthesis Netlist Statistics for Top Partition
 11. Elapsed Time Per Partition
 12. Analysis & Synthesis Messages



----------------
; Legal Notice ;
----------------
Copyright (C) 2017  Intel Corporation. All rights reserved.
Your use of Intel Corporation's design tools, logic functions 
and other software and tools, and its AMPP partner logic 
functions, and any output files from any of the foregoing 
(including device programming or simulation files), and any 
associated documentation or information are expressly subject 
to the terms and conditions of the Intel Program License 
Subscription Agreement, the Intel Quartus Prime License Agreement,
the Intel MegaCore Function License Agreement, or other 
applicable license agreement, including, without limitation, 
that your use is for the sole purpose of programming logic 
devices manufactured by Intel and sold by Intel or its 
authorized distributors.  Please refer to the applicable 
agreement for further details.



+----------------------------------------------------------------------------------+
; Analysis & Synthesis Summary                                                     ;
+------------------------------------+---------------------------------------------+
; Analysis & Synthesis Status        ; Successful - Fri Jun 15 15:56:02 2018       ;
; Quartus Prime Version              ; 17.0.0 Build 595 04/25/2017 SJ Lite Edition ;
; Revision Name                      ; controle                                    ;
; Top-level Entity Name              ; controle                                    ;
; Family                             ; Cyclone IV E                                ;
; Total logic elements               ; 59                                          ;
;     Total combinational functions  ; 57                                          ;
;     Dedicated logic registers      ; 3                                           ;
; Total registers                    ; 3                                           ;
; Total pins                         ; 24                                          ;
; Total virtual pins                 ; 0                                           ;
; Total memory bits                  ; 0                                           ;
; Embedded Multiplier 9-bit elements ; 0                                           ;
; Total PLLs                         ; 0                                           ;
+------------------------------------+---------------------------------------------+


+----------------------------------------------------------------------------------------------------------------------+
; Analysis & Synthesis Settings                                                                                        ;
+----------------------------------------------------------------------------+--------------------+--------------------+
; Option                                                                     ; Setting            ; Default Value      ;
+----------------------------------------------------------------------------+--------------------+--------------------+
; Device                                                                     ; EP4CE115F29C7      ;                    ;
; Top-level entity name                                                      ; controle           ; controle           ;
; Family name                                                                ; Cyclone IV E       ; Cyclone V          ;
; Use smart compilation                                                      ; Off                ; Off                ;
; Enable parallel Assembler and TimeQuest Timing Analyzer during compilation ; On                 ; On                 ;
; Enable compact report table                                                ; Off                ; Off                ;
; Restructure Multiplexers                                                   ; Auto               ; Auto               ;
; Create Debugging Nodes for IP Cores                                        ; Off                ; Off                ;
; Preserve fewer node names                                                  ; On                 ; On                 ;
; OpenCore Plus hardware evaluation                                          ; Enable             ; Enable             ;
; Verilog Version                                                            ; Verilog_2001       ; Verilog_2001       ;
; VHDL Version                                                               ; VHDL_1993          ; VHDL_1993          ;
; State Machine Processing                                                   ; Auto               ; Auto               ;
; Safe State Machine                                                         ; Off                ; Off                ;
; Extract Verilog State Machines                                             ; On                 ; On                 ;
; Extract VHDL State Machines                                                ; On                 ; On                 ;
; Ignore Verilog initial constructs                                          ; Off                ; Off                ;
; Iteration limit for constant Verilog loops                                 ; 5000               ; 5000               ;
; Iteration limit for non-constant Verilog loops                             ; 250                ; 250                ;
; Add Pass-Through Logic to Inferred RAMs                                    ; On                 ; On                 ;
; Infer RAMs from Raw Logic                                                  ; On                 ; On                 ;
; Parallel Synthesis                                                         ; On                 ; On                 ;
; DSP Block Balancing                                                        ; Auto               ; Auto               ;
; NOT Gate Push-Back                                                         ; On                 ; On                 ;
; Power-Up Don't Care                                                        ; On                 ; On                 ;
; Remove Redundant Logic Cells                                               ; Off                ; Off                ;
; Remove Duplicate Registers                                                 ; On                 ; On                 ;
; Ignore CARRY Buffers                                                       ; Off                ; Off                ;
; Ignore CASCADE Buffers                                                     ; Off                ; Off                ;
; Ignore GLOBAL Buffers                                                      ; Off                ; Off                ;
; Ignore ROW GLOBAL Buffers                                                  ; Off                ; Off                ;
; Ignore LCELL Buffers                                                       ; Off                ; Off                ;
; Ignore SOFT Buffers                                                        ; On                 ; On                 ;
; Limit AHDL Integers to 32 Bits                                             ; Off                ; Off                ;
; Optimization Technique                                                     ; Balanced           ; Balanced           ;
; Carry Chain Length                                                         ; 70                 ; 70                 ;
; Auto Carry Chains                                                          ; On                 ; On                 ;
; Auto Open-Drain Pins                                                       ; On                 ; On                 ;
; Perform WYSIWYG Primitive Resynthesis                                      ; Off                ; Off                ;
; Auto ROM Replacement                                                       ; On                 ; On                 ;
; Auto RAM Replacement                                                       ; On                 ; On                 ;
; Auto DSP Block Replacement                                                 ; On                 ; On                 ;
; Auto Shift Register Replacement                                            ; Auto               ; Auto               ;
; Allow Shift Register Merging across Hierarchies                            ; Auto               ; Auto               ;
; Auto Clock Enable Replacement                                              ; On                 ; On                 ;
; Strict RAM Replacement                                                     ; Off                ; Off                ;
; Allow Synchronous Control Signals                                          ; On                 ; On                 ;
; Force Use of Synchronous Clear Signals                                     ; Off                ; Off                ;
; Auto RAM Block Balancing                                                   ; On                 ; On                 ;
; Auto RAM to Logic Cell Conversion                                          ; Off                ; Off                ;
; Auto Resource Sharing                                                      ; Off                ; Off                ;
; Allow Any RAM Size For Recognition                                         ; Off                ; Off                ;
; Allow Any ROM Size For Recognition                                         ; Off                ; Off                ;
; Allow Any Shift Register Size For Recognition                              ; Off                ; Off                ;
; Use LogicLock Constraints during Resource Balancing                        ; On                 ; On                 ;
; Ignore translate_off and synthesis_off directives                          ; Off                ; Off                ;
; Timing-Driven Synthesis                                                    ; On                 ; On                 ;
; Report Parameter Settings                                                  ; On                 ; On                 ;
; Report Source Assignments                                                  ; On                 ; On                 ;
; Report Connectivity Checks                                                 ; On                 ; On                 ;
; Ignore Maximum Fan-Out Assignments                                         ; Off                ; Off                ;
; Synchronization Register Chain Length                                      ; 2                  ; 2                  ;
; PowerPlay Power Optimization During Synthesis                              ; Normal compilation ; Normal compilation ;
; HDL message level                                                          ; Level2             ; Level2             ;
; Suppress Register Optimization Related Messages                            ; Off                ; Off                ;
; Number of Removed Registers Reported in Synthesis Report                   ; 5000               ; 5000               ;
; Number of Swept Nodes Reported in Synthesis Report                         ; 5000               ; 5000               ;
; Number of Inverted Registers Reported in Synthesis Report                  ; 100                ; 100                ;
; Clock MUX Protection                                                       ; On                 ; On                 ;
; Auto Gated Clock Conversion                                                ; Off                ; Off                ;
; Block Design Naming                                                        ; Auto               ; Auto               ;
; SDC constraint protection                                                  ; Off                ; Off                ;
; Synthesis Effort                                                           ; Auto               ; Auto               ;
; Shift Register Replacement - Allow Asynchronous Clear Signal               ; On                 ; On                 ;
; Pre-Mapping Resynthesis Optimization                                       ; Off                ; Off                ;
; Analysis & Synthesis Message Level                                         ; Medium             ; Medium             ;
; Disable Register Merging Across Hierarchies                                ; Auto               ; Auto               ;
; Resource Aware Inference For Block RAM                                     ; On                 ; On                 ;
+----------------------------------------------------------------------------+--------------------+--------------------+


+------------------------------------------+
; Parallel Compilation                     ;
+----------------------------+-------------+
; Processors                 ; Number      ;
+----------------------------+-------------+
; Number detected on machine ; 4           ;
; Maximum allowed            ; 4           ;
;                            ;             ;
; Average used               ; 1.00        ;
; Maximum used               ; 4           ;
;                            ;             ;
; Usage by Processor         ; % Time Used ;
;     Processor 1            ; 100.0%      ;
;     Processors 2-4         ;   0.0%      ;
+----------------------------+-------------+


+------------------------------------------------------------------------------------------------------------------------------------+
; Analysis & Synthesis Source Files Read                                                                                             ;
+----------------------------------+-----------------+-----------------+---------------------------------------------------+---------+
; File Name with User-Entered Path ; Used in Netlist ; File Type       ; File Name with Absolute Path                      ; Library ;
+----------------------------------+-----------------+-----------------+---------------------------------------------------+---------+
; controle.vhd                     ; yes             ; User VHDL File  ; C:/Users/14118293/Desktop/projeto/controle.vhd    ;         ;
; flipflop.vhd                     ; yes             ; User VHDL File  ; C:/Users/14118293/Desktop/projeto/flipflop.vhd    ;         ;
; latchd.vhd                       ; yes             ; User VHDL File  ; C:/Users/14118293/Desktop/projeto/latchd.vhd      ;         ;
; senha.vhd                        ; yes             ; User VHDL File  ; C:/Users/14118293/Desktop/projeto/senha.vhd       ;         ;
; trava.vhd                        ; yes             ; User VHDL File  ; C:/Users/14118293/Desktop/projeto/trava.vhd       ;         ;
; display_BCD.vhd                  ; yes             ; User VHDL File  ; C:/Users/14118293/Desktop/projeto/display_BCD.vhd ;         ;
+----------------------------------+-----------------+-----------------+---------------------------------------------------+---------+


+----------------------------------------------------------+
; Analysis & Synthesis Resource Usage Summary              ;
+---------------------------------------------+------------+
; Resource                                    ; Usage      ;
+---------------------------------------------+------------+
; Estimated Total logic elements              ; 59         ;
;                                             ;            ;
; Total combinational functions               ; 57         ;
; Logic element usage by number of LUT inputs ;            ;
;     -- 4 input functions                    ; 37         ;
;     -- 3 input functions                    ; 11         ;
;     -- <=2 input functions                  ; 9          ;
;                                             ;            ;
; Logic elements by mode                      ;            ;
;     -- normal mode                          ; 57         ;
;     -- arithmetic mode                      ; 0          ;
;                                             ;            ;
; Total registers                             ; 3          ;
;     -- Dedicated logic registers            ; 3          ;
;     -- I/O registers                        ; 0          ;
;                                             ;            ;
; I/O pins                                    ; 24         ;
;                                             ;            ;
; Embedded Multiplier 9-bit elements          ; 0          ;
;                                             ;            ;
; Maximum fan-out node                        ; x[2]~input ;
; Maximum fan-out                             ; 23         ;
; Total fan-out                               ; 245        ;
; Average fan-out                             ; 2.27       ;
+---------------------------------------------+------------+


+-----------------------------------------------------------------------------------------------------------------------------------------------------------------------------------------------------------------------------+
; Analysis & Synthesis Resource Utilization by Entity                                                                                                                                                                         ;
+----------------------------+---------------------+---------------------------+-------------+--------------+---------+-----------+------+--------------+----------------------------------------+-------------+--------------+
; Compilation Hierarchy Node ; Combinational ALUTs ; Dedicated Logic Registers ; Memory Bits ; DSP Elements ; DSP 9x9 ; DSP 18x18 ; Pins ; Virtual Pins ; Full Hierarchy Name                    ; Entity Name ; Library Name ;
+----------------------------+---------------------+---------------------------+-------------+--------------+---------+-----------+------+--------------+----------------------------------------+-------------+--------------+
; |controle                  ; 57 (5)              ; 3 (0)                     ; 0           ; 0            ; 0       ; 0         ; 24   ; 0            ; |controle                              ; controle    ; work         ;
;    |display_BCD:stage2|    ; 44 (44)             ; 0 (0)                     ; 0           ; 0            ; 0       ; 0         ; 0    ; 0            ; |controle|display_BCD:stage2           ; display_BCD ; work         ;
;    |senha:stage0|          ; 7 (1)               ; 0 (0)                     ; 0           ; 0            ; 0       ; 0         ; 0    ; 0            ; |controle|senha:stage0                 ; senha       ; work         ;
;       |latchd:stage0|      ; 1 (1)               ; 0 (0)                     ; 0           ; 0            ; 0       ; 0         ; 0    ; 0            ; |controle|senha:stage0|latchd:stage0   ; latchd      ; work         ;
;       |latchd:stage1|      ; 1 (1)               ; 0 (0)                     ; 0           ; 0            ; 0       ; 0         ; 0    ; 0            ; |controle|senha:stage0|latchd:stage1   ; latchd      ; work         ;
;       |latchd:stage2|      ; 1 (1)               ; 0 (0)                     ; 0           ; 0            ; 0       ; 0         ; 0    ; 0            ; |controle|senha:stage0|latchd:stage2   ; latchd      ; work         ;
;       |latchd:stage3|      ; 1 (1)               ; 0 (0)                     ; 0           ; 0            ; 0       ; 0         ; 0    ; 0            ; |controle|senha:stage0|latchd:stage3   ; latchd      ; work         ;
;       |latchd:stage4|      ; 1 (1)               ; 0 (0)                     ; 0           ; 0            ; 0       ; 0         ; 0    ; 0            ; |controle|senha:stage0|latchd:stage4   ; latchd      ; work         ;
;       |latchd:stage5|      ; 1 (1)               ; 0 (0)                     ; 0           ; 0            ; 0       ; 0         ; 0    ; 0            ; |controle|senha:stage0|latchd:stage5   ; latchd      ; work         ;
;    |trava:stage1|          ; 1 (1)               ; 3 (0)                     ; 0           ; 0            ; 0       ; 0         ; 0    ; 0            ; |controle|trava:stage1                 ; trava       ; work         ;
;       |flipflop:stage0|    ; 0 (0)               ; 1 (1)                     ; 0           ; 0            ; 0       ; 0         ; 0    ; 0            ; |controle|trava:stage1|flipflop:stage0 ; flipflop    ; work         ;
;       |flipflop:stage1|    ; 0 (0)               ; 1 (1)                     ; 0           ; 0            ; 0       ; 0         ; 0    ; 0            ; |controle|trava:stage1|flipflop:stage1 ; flipflop    ; work         ;
;       |flipflop:stage2|    ; 0 (0)               ; 1 (1)                     ; 0           ; 0            ; 0       ; 0         ; 0    ; 0            ; |controle|trava:stage1|flipflop:stage2 ; flipflop    ; work         ;
+----------------------------+---------------------+---------------------------+-------------+--------------+---------+-----------+------+--------------+----------------------------------------+-------------+--------------+
Note: For table entries with two numbers listed, the numbers in parentheses indicate the number of resources of the given type used by the specific entity alone. The numbers listed outside of parentheses indicate the total resources of the given type used by the specific entity and all of its sub-entities in the hierarchy.


+---------------------------------------------------------------------------------------------------+
; User-Specified and Inferred Latches                                                               ;
+----------------------------------------------------+---------------------+------------------------+
; Latch Name                                         ; Latch Enable Signal ; Free of Timing Hazards ;
+----------------------------------------------------+---------------------+------------------------+
; senha:stage0|latchd:stage0|q                       ; senha:stage0|chave  ; yes                    ;
; senha:stage0|latchd:stage1|q                       ; senha:stage0|chave  ; yes                    ;
; senha:stage0|latchd:stage2|q                       ; senha:stage0|chave  ; yes                    ;
; senha:stage0|latchd:stage3|q                       ; senha:stage0|chave  ; yes                    ;
; senha:stage0|latchd:stage4|q                       ; senha:stage0|chave  ; yes                    ;
; senha:stage0|latchd:stage5|q                       ; senha:stage0|chave  ; yes                    ;
; Number of user-specified and inferred latches = 6  ;                     ;                        ;
+----------------------------------------------------+---------------------+------------------------+
Note: All latches listed above may not be present at the end of synthesis due to various synthesis optimizations.


+------------------------------------------------------+
; General Register Statistics                          ;
+----------------------------------------------+-------+
; Statistic                                    ; Value ;
+----------------------------------------------+-------+
; Total registers                              ; 3     ;
; Number of registers using Synchronous Clear  ; 0     ;
; Number of registers using Synchronous Load   ; 0     ;
; Number of registers using Asynchronous Clear ; 0     ;
; Number of registers using Asynchronous Load  ; 0     ;
; Number of registers using Clock Enable       ; 0     ;
; Number of registers using Preset             ; 0     ;
+----------------------------------------------+-------+


+-----------------------------------------------------+
; Post-Synthesis Netlist Statistics for Top Partition ;
+-----------------------+-----------------------------+
; Type                  ; Count                       ;
+-----------------------+-----------------------------+
; boundary_port         ; 24                          ;
; cycloneiii_ff         ; 3                           ;
;     plain             ; 3                           ;
; cycloneiii_lcell_comb ; 57                          ;
;     normal            ; 57                          ;
;         2 data inputs ; 9                           ;
;         3 data inputs ; 11                          ;
;         4 data inputs ; 37                          ;
;                       ;                             ;
; Max LUT depth         ; 4.00                        ;
; Average LUT depth     ; 2.71                        ;
+-----------------------+-----------------------------+


+-------------------------------+
; Elapsed Time Per Partition    ;
+----------------+--------------+
; Partition Name ; Elapsed Time ;
+----------------+--------------+
; Top            ; 00:00:00     ;
+----------------+--------------+


+-------------------------------+
; Analysis & Synthesis Messages ;
+-------------------------------+
Info: *******************************************************************
Info: Running Quartus Prime Analysis & Synthesis
    Info: Version 17.0.0 Build 595 04/25/2017 SJ Lite Edition
    Info: Processing started: Fri Jun 15 15:55:48 2018
Info: Command: quartus_map --read_settings_files=on --write_settings_files=off controle -c controle
Warning (18236): Number of processors has not been specified which may cause overloading on shared machines.  Set the global assignment NUM_PARALLEL_PROCESSORS in your QSF to an appropriate value for best performance.
Info (20030): Parallel compilation is enabled and will use 4 of the 4 processors detected
Info (12021): Found 2 design units, including 1 entities, in source file controle.vhd
    Info (12022): Found design unit 1: controle-strutura File: C:/Users/14118293/Desktop/projeto/controle.vhd Line: 10
    Info (12023): Found entity 1: controle File: C:/Users/14118293/Desktop/projeto/controle.vhd Line: 3
Info (12021): Found 2 design units, including 1 entities, in source file flipflop.vhd
    Info (12022): Found design unit 1: flipflop-Behavior File: C:/Users/14118293/Desktop/projeto/flipflop.vhd Line: 7
    Info (12023): Found entity 1: flipflop File: C:/Users/14118293/Desktop/projeto/flipflop.vhd Line: 3
Info (12021): Found 2 design units, including 1 entities, in source file latchd.vhd
    Info (12022): Found design unit 1: latchd-strutura File: C:/Users/14118293/Desktop/projeto/latchd.vhd Line: 8
    Info (12023): Found entity 1: latchd File: C:/Users/14118293/Desktop/projeto/latchd.vhd Line: 3
Info (12021): Found 2 design units, including 1 entities, in source file senha.vhd
    Info (12022): Found design unit 1: senha-strutura File: C:/Users/14118293/Desktop/projeto/senha.vhd Line: 9
    Info (12023): Found entity 1: senha File: C:/Users/14118293/Desktop/projeto/senha.vhd Line: 3
Info (12021): Found 2 design units, including 1 entities, in source file trava.vhd
    Info (12022): Found design unit 1: trava-strutura File: C:/Users/14118293/Desktop/projeto/trava.vhd Line: 8
    Info (12023): Found entity 1: trava File: C:/Users/14118293/Desktop/projeto/trava.vhd Line: 3
Info (12021): Found 2 design units, including 1 entities, in source file display_bcd.vhd
    Info (12022): Found design unit 1: display_BCD-Behavior File: C:/Users/14118293/Desktop/projeto/display_BCD.vhd Line: 10
    Info (12023): Found entity 1: display_BCD File: C:/Users/14118293/Desktop/projeto/display_BCD.vhd Line: 4
Info (12127): Elaborating entity "controle" for the top level hierarchy
Info (12128): Elaborating entity "senha" for hierarchy "senha:stage0" File: C:/Users/14118293/Desktop/projeto/controle.vhd Line: 34
Info (12128): Elaborating entity "latchd" for hierarchy "senha:stage0|latchd:stage0" File: C:/Users/14118293/Desktop/projeto/senha.vhd Line: 17
Warning (10631): VHDL Process Statement warning at latchd.vhd(10): inferring latch(es) for signal or variable "q", which holds its previous value in one or more paths through the process File: C:/Users/14118293/Desktop/projeto/latchd.vhd Line: 10
Info (10041): Inferred latch for "q" at latchd.vhd(10) File: C:/Users/14118293/Desktop/projeto/latchd.vhd Line: 10
Info (12128): Elaborating entity "trava" for hierarchy "trava:stage1" File: C:/Users/14118293/Desktop/projeto/controle.vhd Line: 36
Info (12128): Elaborating entity "flipflop" for hierarchy "trava:stage1|flipflop:stage0" File: C:/Users/14118293/Desktop/projeto/trava.vhd Line: 15
Info (12128): Elaborating entity "display_BCD" for hierarchy "display_BCD:stage2" File: C:/Users/14118293/Desktop/projeto/controle.vhd Line: 38
Warning (10492): VHDL Process Statement warning at display_BCD.vhd(82): signal "err" is read inside the Process Statement but isn't in the Process Statement's sensitivity list File: C:/Users/14118293/Desktop/projeto/display_BCD.vhd Line: 82
Warning (10492): VHDL Process Statement warning at display_BCD.vhd(83): signal "led" is read inside the Process Statement but isn't in the Process Statement's sensitivity list File: C:/Users/14118293/Desktop/projeto/display_BCD.vhd Line: 83
Info (276014): Found 1 instances of uninferred RAM logic
    Info (276004): RAM logic "display_BCD:stage2|Ram0" is uninferred due to inappropriate RAM size File: C:/Users/14118293/Desktop/projeto/display_BCD.vhd Line: 15
Warning (13012): Latch senha:stage0|latchd:stage0|q has unsafe behavior File: C:/Users/14118293/Desktop/projeto/latchd.vhd Line: 5
    Warning (13013): Ports D and ENA on the latch are fed by the same signal x[0] File: C:/Users/14118293/Desktop/projeto/controle.vhd Line: 4
Warning (13012): Latch senha:stage0|latchd:stage1|q has unsafe behavior File: C:/Users/14118293/Desktop/projeto/latchd.vhd Line: 5
    Warning (13013): Ports D and ENA on the latch are fed by the same signal x[1] File: C:/Users/14118293/Desktop/projeto/controle.vhd Line: 4
Warning (13012): Latch senha:stage0|latchd:stage2|q has unsafe behavior File: C:/Users/14118293/Desktop/projeto/latchd.vhd Line: 5
    Warning (13013): Ports D and ENA on the latch are fed by the same signal x[2] File: C:/Users/14118293/Desktop/projeto/controle.vhd Line: 4
Warning (13012): Latch senha:stage0|latchd:stage3|q has unsafe behavior File: C:/Users/14118293/Desktop/projeto/latchd.vhd Line: 5
    Warning (13013): Ports D and ENA on the latch are fed by the same signal x[3] File: C:/Users/14118293/Desktop/projeto/controle.vhd Line: 4
Warning (13012): Latch senha:stage0|latchd:stage4|q has unsafe behavior File: C:/Users/14118293/Desktop/projeto/latchd.vhd Line: 5
    Warning (13013): Ports D and ENA on the latch are fed by the same signal x[4] File: C:/Users/14118293/Desktop/projeto/controle.vhd Line: 4
Warning (13012): Latch senha:stage0|latchd:stage5|q has unsafe behavior File: C:/Users/14118293/Desktop/projeto/latchd.vhd Line: 5
    Warning (13013): Ports D and ENA on the latch are fed by the same signal x[5] File: C:/Users/14118293/Desktop/projeto/controle.vhd Line: 4
Info (286030): Timing-Driven Synthesis is running
Info (16010): Generating hard_block partition "hard_block:auto_generated_inst"
    Info (16011): Adding 0 node(s), including 0 DDIO, 0 PLL, 0 transceiver and 0 LCELL
Info (21057): Implemented 83 device resources after synthesis - the final resource count might be different
    Info (21058): Implemented 8 input pins
    Info (21059): Implemented 16 output pins
    Info (21061): Implemented 59 logic cells
Info: Quartus Prime Analysis & Synthesis was successful. 0 errors, 16 warnings
    Info: Peak virtual memory: 672 megabytes
    Info: Processing ended: Fri Jun 15 15:56:02 2018
    Info: Elapsed time: 00:00:14
    Info: Total CPU time (on all processors): 00:00:21


